Drill report for C:/Users/koen/Documents/GitHub/CNC/ESP32-cnc/ESP32-cnc.kicad_pcb
Created on 9/02/2025 11:11:28

Copper Layer Stackup:
    =============================================================
    L1 :  F.Cu                      front
    L2 :  B.Cu                      back


Drill file 'ESP32-cnc-PTH.drl' contains
    plated through holes:
    =============================================================
    T1  0.40mm  0.016"  (46 holes)
    T2  0.80mm  0.031"  (56 holes)
    T3  1.00mm  0.039"  (97 holes)
    T4  1.02mm  0.040"  (48 holes)
    T5  1.04mm  0.041"  (38 holes)
    T6  1.32mm  0.052"  (2 holes)
    T7  8.40mm  0.331"  (5 holes)

    Total plated holes count 292


Drill file 'ESP32-cnc-NPTH.drl' contains
    unplated through holes:
    =============================================================

    Total unplated holes count 0
